<?xml version="1.0" encoding="UTF-8"?>
<testng-results ignored="0" total="2" passed="2" failed="0" skipped="0">
  <reporter-output>
  </reporter-output>
  <suite started-at="2022-08-09T18:47:55 MSK" name="Command line suite" finished-at="2022-08-09T18:47:55 MSK" duration-ms="48">
    <groups>
    </groups>
    <test started-at="2022-08-09T18:47:55 MSK" name="Command line test" finished-at="2022-08-09T18:47:55 MSK" duration-ms="48">
      <class name="stqa.PointTest">
        <test-method signature="testDistance()[pri:0, instance:stqa.PointTest@776aec5c]" started-at="2022-08-09T18:47:55 MSK" name="testDistance" finished-at="2022-08-09T18:47:55 MSK" duration-ms="6" status="PASS">
          <reporter-output>
          </reporter-output>
        </test-method> <!-- testDistance -->
      </class> <!-- stqa.PointTest -->
      <class name="stqa.SquareTest">
        <test-method signature="testArea()[pri:0, instance:stqa.SquareTest@22ff4249]" started-at="2022-08-09T18:47:55 MSK" name="testArea" finished-at="2022-08-09T18:47:55 MSK" duration-ms="1" status="PASS">
          <reporter-output>
          </reporter-output>
        </test-method> <!-- testArea -->
      </class> <!-- stqa.SquareTest -->
    </test> <!-- Command line test -->
  </suite> <!-- Command line suite -->
</testng-results>
